2021-09-01 06:57:12.972 ERROR o.s.b.diagnostics.LoggingFailureAnalysisReporter  :40   [32m                  [0;39m 

***************************
APPLICATION FAILED TO START
***************************

Description:

Web server failed to start. Port 8880 was already in use.

Action:

Identify and stop the process that's listening on port 8880 or configure this application to listen on another port.

2021-09-01 07:15:02.863 ERROR o.s.b.diagnostics.LoggingFailureAnalysisReporter  :40   [32m                  [0;39m 

***************************
APPLICATION FAILED TO START
***************************

Description:

Web server failed to start. Port 8880 was already in use.

Action:

Identify and stop the process that's listening on port 8880 or configure this application to listen on another port.

2021-09-01 07:16:58.175 ERROR o.s.b.diagnostics.LoggingFailureAnalysisReporter  :40   [32m                  [0;39m 

***************************
APPLICATION FAILED TO START
***************************

Description:

Web server failed to start. Port 8880 was already in use.

Action:

Identify and stop the process that's listening on port 8880 or configure this application to listen on another port.

