2021-08-28 18:51:27.595 INFO  com.cnnp.wiki.WikiApplication                     :55   [32m                  [0;39m Starting WikiApplication using Java 1.8.0_171 on ai with PID 30656 (D:\BaiduNetdiskDownload\wiki\target\classes started by yangqiang in D:\BaiduNetdiskDownload\wiki)
2021-08-28 18:51:27.600 INFO  com.cnnp.wiki.WikiApplication                     :659  [32m                  [0;39m No active profile set, falling back to default profiles: default
2021-08-28 18:51:28.584 INFO  o.s.boot.web.embedded.tomcat.TomcatWebServer      :108  [32m                  [0;39m Tomcat initialized with port(s): 8080 (http)
2021-08-28 18:51:28.592 INFO  org.apache.coyote.http11.Http11NioProtocol        :173  [32m                  [0;39m Initializing ProtocolHandler ["http-nio-8080"]
2021-08-28 18:51:28.595 INFO  org.apache.catalina.core.StandardService          :173  [32m                  [0;39m Starting service [Tomcat]
2021-08-28 18:51:28.595 INFO  org.apache.catalina.core.StandardEngine           :173  [32m                  [0;39m Starting Servlet engine: [Apache Tomcat/9.0.52]
2021-08-28 18:51:28.694 INFO  o.a.c.core.ContainerBase.[Tomcat].[localhost].[/] :173  [32m                  [0;39m Initializing Spring embedded WebApplicationContext
2021-08-28 18:51:28.695 INFO  o.s.b.w.s.c.ServletWebServerApplicationContext    :290  [32m                  [0;39m Root WebApplicationContext: initialization completed in 1041 ms
2021-08-28 18:51:29.021 INFO  org.apache.coyote.http11.Http11NioProtocol        :173  [32m                  [0;39m Starting ProtocolHandler ["http-nio-8080"]
2021-08-28 18:51:29.039 INFO  o.s.boot.web.embedded.tomcat.TomcatWebServer      :220  [32m                  [0;39m Tomcat started on port(s): 8080 (http) with context path ''
2021-08-28 18:51:29.048 INFO  com.cnnp.wiki.WikiApplication                     :61   [32m                  [0;39m Started WikiApplication in 2.01 seconds (JVM running for 4.027)
2021-08-28 20:21:41.184 INFO  com.cnnp.wiki.WikiApplication                     :55   [32m                  [0;39m Starting WikiApplication using Java 1.8.0_171 on ai with PID 15656 (D:\BaiduNetdiskDownload\wiki\target\classes started by yangqiang in D:\BaiduNetdiskDownload\wiki)
2021-08-28 20:21:41.188 INFO  com.cnnp.wiki.WikiApplication                     :659  [32m                  [0;39m No active profile set, falling back to default profiles: default
2021-08-28 20:21:42.090 INFO  o.s.boot.web.embedded.tomcat.TomcatWebServer      :108  [32m                  [0;39m Tomcat initialized with port(s): 8880 (http)
2021-08-28 20:21:42.100 INFO  org.apache.coyote.http11.Http11NioProtocol        :173  [32m                  [0;39m Initializing ProtocolHandler ["http-nio-8880"]
2021-08-28 20:21:42.101 INFO  org.apache.catalina.core.StandardService          :173  [32m                  [0;39m Starting service [Tomcat]
2021-08-28 20:21:42.101 INFO  org.apache.catalina.core.StandardEngine           :173  [32m                  [0;39m Starting Servlet engine: [Apache Tomcat/9.0.52]
2021-08-28 20:21:42.196 INFO  o.a.c.core.ContainerBase.[Tomcat].[localhost].[/] :173  [32m                  [0;39m Initializing Spring embedded WebApplicationContext
2021-08-28 20:21:42.197 INFO  o.s.b.w.s.c.ServletWebServerApplicationContext    :290  [32m                  [0;39m Root WebApplicationContext: initialization completed in 951 ms
2021-08-28 20:21:42.487 INFO  org.apache.coyote.http11.Http11NioProtocol        :173  [32m                  [0;39m Starting ProtocolHandler ["http-nio-8880"]
2021-08-28 20:21:42.503 INFO  o.s.boot.web.embedded.tomcat.TomcatWebServer      :220  [32m                  [0;39m Tomcat started on port(s): 8880 (http) with context path ''
2021-08-28 20:21:42.511 INFO  com.cnnp.wiki.WikiApplication                     :61   [32m                  [0;39m Started WikiApplication in 1.941 seconds (JVM running for 3.764)
2021-08-28 20:23:03.686 INFO  com.cnnp.wiki.WikiApplication                     :55   [32m                  [0;39m Starting WikiApplication using Java 1.8.0_171 on ai with PID 15088 (D:\BaiduNetdiskDownload\wiki\target\classes started by yangqiang in D:\BaiduNetdiskDownload\wiki)
2021-08-28 20:23:03.691 INFO  com.cnnp.wiki.WikiApplication                     :659  [32m                  [0;39m No active profile set, falling back to default profiles: default
2021-08-28 20:23:04.658 INFO  o.s.boot.web.embedded.tomcat.TomcatWebServer      :108  [32m                  [0;39m Tomcat initialized with port(s): 8880 (http)
2021-08-28 20:23:04.667 INFO  org.apache.coyote.http11.Http11NioProtocol        :173  [32m                  [0;39m Initializing ProtocolHandler ["http-nio-8880"]
2021-08-28 20:23:04.668 INFO  org.apache.catalina.core.StandardService          :173  [32m                  [0;39m Starting service [Tomcat]
2021-08-28 20:23:04.668 INFO  org.apache.catalina.core.StandardEngine           :173  [32m                  [0;39m Starting Servlet engine: [Apache Tomcat/9.0.52]
2021-08-28 20:23:04.763 INFO  o.a.c.core.ContainerBase.[Tomcat].[localhost].[/] :173  [32m                  [0;39m Initializing Spring embedded WebApplicationContext
2021-08-28 20:23:04.763 INFO  o.s.b.w.s.c.ServletWebServerApplicationContext    :290  [32m                  [0;39m Root WebApplicationContext: initialization completed in 1006 ms
2021-08-28 20:23:05.059 INFO  org.apache.coyote.http11.Http11NioProtocol        :173  [32m                  [0;39m Starting ProtocolHandler ["http-nio-8880"]
2021-08-28 20:23:05.073 INFO  o.s.boot.web.embedded.tomcat.TomcatWebServer      :220  [32m                  [0;39m Tomcat started on port(s): 8880 (http) with context path ''
2021-08-28 20:23:05.082 INFO  com.cnnp.wiki.WikiApplication                     :61   [32m                  [0;39m Started WikiApplication in 2.112 seconds (JVM running for 4.118)
2021-08-28 20:23:05.084 INFO  com.cnnp.wiki.WikiApplication                     :16   [32m                  [0;39m 启动成功！！
2021-08-28 20:23:05.084 INFO  com.cnnp.wiki.WikiApplication                     :17   [32m                  [0;39m 地址: 	http://127.0.0.1:8880
